<?xml version="1.0" encoding="UTF-8"?>
<!-- Generated by org.testng.reporters.JUnitXMLReporter -->
<testsuite ignored="11" hostname="DESKTOP-NA6LRAU" failures="0" tests="13" name="Test_CreateNewUserPage" time="26.514" errors="0" timestamp="2023-06-01T11:06:20 IST">
  <testcase classname="flutter.Truvideo.Tests.DealerCodePageTest" name="@BeforeTest setUp" time="25.618">
    <failure type="java.lang.NullPointerException">
      <![CDATA[java.lang.NullPointerException
at flutter.Truvideo.BaseClass.BaseClass.setUpApplication(BaseClass.java:25)
at flutter.Truvideo.Tests.DealerCodePageTest.setUp(DealerCodePageTest.java:18)
... Removed 24 stack frames]]>
    </failure>
  </testcase> <!-- @BeforeTest setUp -->
  <testcase classname="flutter.Truvideo.Tests.DealerCodePageTest" name="@BeforeMethod intialisation" time="-1.685597779634E9">
    <skipped/>
  </testcase> <!-- @BeforeMethod intialisation -->
  <testcase classname="flutter.Truvideo.Tests.DealerCodePageTest" name="@AfterTest tearDown" time="-1.685597780154E9">
    <skipped/>
  </testcase> <!-- @AfterTest tearDown -->
  <testcase classname="flutter.Truvideo.Tests.DealerCodePageTest" name="verifyLogin_ValidDealerCode" time="0.0">
    <skipped/>
  </testcase> <!-- verifyLogin_ValidDealerCode -->
  <testcase classname="flutter.Truvideo.Tests.UserListPageTest" name="verifyCreateUserFunction" time="0.0">
    <skipped/>
  </testcase> <!-- verifyCreateUserFunction -->
  <testcase classname="flutter.Truvideo.Tests.CreateNewUserPageTest" name="verifyCancelButton" time="0.0">
    <skipped/>
  </testcase> <!-- verifyCancelButton -->
  <testcase classname="flutter.Truvideo.Tests.RO_ListPageTest" name="verifyAllFooterTabs_and_HeadersTabs" time="0.0">
    <skipped/>
  </testcase> <!-- verifyAllFooterTabs_and_HeadersTabs -->
  <testcase classname="flutter.Truvideo.Tests.RO_ListPageTest" name="verifySearchROFunction" time="0.0">
    <skipped/>
  </testcase> <!-- verifySearchROFunction -->
  <testcase classname="flutter.Truvideo.Tests.RO_ListPageTest" name="verifyRO_Status_New" time="0.0">
    <skipped/>
  </testcase> <!-- verifyRO_Status_New -->
  <testcase classname="flutter.Truvideo.Tests.RO_ListPageTest" name="verifyRO_Status_Rejected" time="0.001">
    <skipped/>
  </testcase> <!-- verifyRO_Status_Rejected -->
  <testcase classname="flutter.Truvideo.Tests.RO_ListPageTest" name="verifyRO_Status_All" time="0.0">
    <skipped/>
  </testcase> <!-- verifyRO_Status_All -->
  <testcase classname="flutter.Truvideo.Tests.RO_ListPageTest" name="verifyRO_Status_My" time="0.0">
    <skipped/>
  </testcase> <!-- verifyRO_Status_My -->
  <testcase classname="flutter.Truvideo.Tests.RO_ListPageTest" name="verifyNavigationTo_Chat" time="0.0">
    <skipped/>
  </testcase> <!-- verifyNavigationTo_Chat -->
  <testcase classname="flutter.Truvideo.Tests.RO_ListPageTest" name="verifyNavigationTo_Messages" time="0.0">
    <skipped/>
  </testcase> <!-- verifyNavigationTo_Messages -->
  <testcase classname="flutter.Truvideo.Tests.RO_ListPageTest" name="verifyNavigationTo_Contacts" time="0.0">
    <skipped/>
  </testcase> <!-- verifyNavigationTo_Contacts -->
  <testcase classname="flutter.Truvideo.Tests.RO_ListPageTest" name="verifyNavigation_BackTo_Orders" time="0.0">
    <skipped/>
  </testcase> <!-- verifyNavigation_BackTo_Orders -->
  <testcase classname="flutter.Truvideo.Tests.UserListPageTest" name="verify_TextsUnderChangeDealerFunction" time="0.0">
    <ignored/>
  </testcase> <!-- verify_TextsUnderChangeDealerFunction -->
  <testcase classname="flutter.Truvideo.Tests.UserListPageTest" name="verify_HelloThere_PersonalPinText" time="0.0">
    <ignored/>
  </testcase> <!-- verify_HelloThere_PersonalPinText -->
  <testcase classname="flutter.Truvideo.Tests.UserListPageTest" name="verify_ChangeDealerFunction" time="0.0">
    <ignored/>
  </testcase> <!-- verify_ChangeDealerFunction -->
  <testcase classname="flutter.Truvideo.Tests.CreateNewUserPageTest" name="verifyErrorToastMessage" time="0.0">
    <ignored/>
  </testcase> <!-- verifyErrorToastMessage -->
  <testcase classname="flutter.Truvideo.Tests.DealerCodePageTest" name="verifyAllVisibleText_LogoIsDisplayed_DealerCodePage" time="0.0">
    <ignored/>
  </testcase> <!-- verifyAllVisibleText_LogoIsDisplayed_DealerCodePage -->
  <testcase classname="flutter.Truvideo.Tests.UserListPageTest" name="verify_Login_InValidPin" time="0.0">
    <ignored/>
  </testcase> <!-- verify_Login_InValidPin -->
  <testcase classname="flutter.Truvideo.Tests.UserListPageTest" name="verifyDealerName_And_RefreshButton" time="0.0">
    <ignored/>
  </testcase> <!-- verifyDealerName_And_RefreshButton -->
  <testcase classname="flutter.Truvideo.Tests.DealerCodePageTest" name="verifyLogin_InValidDealerCode" time="0.0">
    <ignored/>
  </testcase> <!-- verifyLogin_InValidDealerCode -->
  <testcase classname="flutter.Truvideo.Tests.UserListPageTest" name="verify_Login_ValidPin" time="0.0">
    <ignored/>
  </testcase> <!-- verify_Login_ValidPin -->
  <testcase classname="flutter.Truvideo.Tests.UserListPageTest" name="verifyInvalidUserSearch" time="0.0">
    <ignored/>
  </testcase> <!-- verifyInvalidUserSearch -->
  <testcase classname="flutter.Truvideo.Tests.CreateNewUserPageTest" name="checkNewUserCreation" time="0.0">
    <ignored/>
  </testcase> <!-- checkNewUserCreation -->
</testsuite> <!-- Test_CreateNewUserPage -->
