<?xml version="1.0" encoding="UTF-8"?>
<!-- Generated by org.testng.reporters.JUnitXMLReporter -->
<testsuite ignored="10" hostname="DESKTOP-NA6LRAU" failures="0" tests="4" name="Test" time="47.682" errors="0" timestamp="2023-05-29T19:16:49 IST">
  <testcase classname="flutter.Truvideo.Tests.ServiceSideTest" name="verifyDealerCode_ValidDealer" time="16.127"/>
  <testcase classname="flutter.Truvideo.Tests.ServiceSideTest" name="verifyLoginwith_ValidPin" time="9.987"/>
  <testcase classname="flutter.Truvideo.Tests.DealerCodePageTest" name="verifyContactTabFunction" time="0.248"/>
  <testcase classname="flutter.Truvideo.Tests.DealerCodePageTest" name="verifyEnterDealerCodeFunction" time="6.394"/>
  <testcase classname="flutter.Truvideo.Tests.ServiceSideTest" name="verifyROFilter_Rejected" time="0.0">
    <ignored/>
  </testcase> <!-- verifyROFilter_Rejected -->
  <testcase classname="flutter.Truvideo.Tests.ServiceSideTest" name="verifyROFilter_New" time="0.0">
    <ignored/>
  </testcase> <!-- verifyROFilter_New -->
  <testcase classname="flutter.Truvideo.Tests.ServiceSideTest" name="verifyNavigationToCreateNewRO" time="0.0">
    <ignored/>
  </testcase> <!-- verifyNavigationToCreateNewRO -->
  <testcase classname="flutter.Truvideo.Tests.ServiceSideTest" name="verifyROFilter_My" time="0.0">
    <ignored/>
  </testcase> <!-- verifyROFilter_My -->
  <testcase classname="flutter.Truvideo.Tests.ServiceSideTest" name="verifyCreateNewRepairOrderFunction" time="0.0">
    <ignored/>
  </testcase> <!-- verifyCreateNewRepairOrderFunction -->
  <testcase classname="flutter.Truvideo.Tests.ServiceSideTest" name="verifyFooterTabsOn_RO_Screen" time="0.0">
    <ignored/>
  </testcase> <!-- verifyFooterTabsOn_RO_Screen -->
  <testcase classname="flutter.Truvideo.Tests.ServiceSideTest" name="verifyROFilter_All" time="0.0">
    <ignored/>
  </testcase> <!-- verifyROFilter_All -->
  <testcase classname="flutter.Truvideo.Tests.ServiceSideTest" name="verifyDealerCode_InvalidDealer" time="0.0">
    <ignored/>
  </testcase> <!-- verifyDealerCode_InvalidDealer -->
  <testcase classname="flutter.Truvideo.Tests.ServiceSideTest" name="verifySearchROFunction" time="0.0">
    <ignored/>
  </testcase> <!-- verifySearchROFunction -->
  <testcase classname="flutter.Truvideo.Tests.ServiceSideTest" name="verifyLoginWith_InvalidPin" time="0.0">
    <ignored/>
  </testcase> <!-- verifyLoginWith_InvalidPin -->
</testsuite> <!-- Test -->
