<?xml version="1.0" encoding="UTF-8"?>
<!-- Generated by org.testng.reporters.JUnitXMLReporter -->
<testsuite ignored="9" hostname="DESKTOP-NA6LRAU" failures="0" tests="3" name="Test" time="82.573" errors="0" timestamp="2023-05-31T17:09:35 IST">
  <testcase classname="flutter.Truvideo.Tests.DealerCodePageTest" name="verifyLogin_ValidDealerCode" time="25.479"/>
  <testcase classname="flutter.Truvideo.Tests.UserListPageTest" name="verify_Login_ValidPin" time="13.789"/>
  <testcase classname="flutter.Truvideo.Tests.RO_SettingPageTest" name="checkSmallFont" time="10.74"/>
  <testcase classname="flutter.Truvideo.Tests.UserListPageTest" name="verify_TextsUnderChangeDealerFunction" time="0.0">
    <ignored/>
  </testcase> <!-- verify_TextsUnderChangeDealerFunction -->
  <testcase classname="flutter.Truvideo.Tests.UserListPageTest" name="verify_HelloThere_PersonalPinText" time="0.0">
    <ignored/>
  </testcase> <!-- verify_HelloThere_PersonalPinText -->
  <testcase classname="flutter.Truvideo.Tests.UserListPageTest" name="verify_ChangeDealerFunction" time="0.0">
    <ignored/>
  </testcase> <!-- verify_ChangeDealerFunction -->
  <testcase classname="flutter.Truvideo.Tests.DealerCodePageTest" name="verifyAllVisibleText_LogoIsDisplayed_DealerCodePage" time="0.0">
    <ignored/>
  </testcase> <!-- verifyAllVisibleText_LogoIsDisplayed_DealerCodePage -->
  <testcase classname="flutter.Truvideo.Tests.UserListPageTest" name="verify_Login_InValidPin" time="0.0">
    <ignored/>
  </testcase> <!-- verify_Login_InValidPin -->
  <testcase classname="flutter.Truvideo.Tests.UserListPageTest" name="verifyDealerName_And_RefreshButton" time="0.0">
    <ignored/>
  </testcase> <!-- verifyDealerName_And_RefreshButton -->
  <testcase classname="flutter.Truvideo.Tests.DealerCodePageTest" name="verifyLogin_InValidDealerCode" time="0.0">
    <ignored/>
  </testcase> <!-- verifyLogin_InValidDealerCode -->
  <testcase classname="flutter.Truvideo.Tests.UserListPageTest" name="verifyInvalidUserSearch" time="0.0">
    <ignored/>
  </testcase> <!-- verifyInvalidUserSearch -->
  <testcase classname="flutter.Truvideo.Tests.UserListPageTest" name="verifyCreateUserFunction" time="0.0">
    <ignored/>
  </testcase> <!-- verifyCreateUserFunction -->
</testsuite> <!-- Test -->
