<?xml version="1.0" encoding="UTF-8"?>
<!-- Generated by org.testng.reporters.JUnitXMLReporter -->
<testsuite ignored="2" hostname="DESKTOP-NA6LRAU" failures="0" tests="8" name="Test_UserListPage" time="76.333" errors="0" timestamp="2023-05-30T15:42:51 IST">
  <testcase classname="flutter.Truvideo.Tests.DealerCodePageTest1" name="verifyLogin_ValidDealerCode" time="16.279"/>
  <testcase classname="flutter.Truvideo.Tests.UserListPageTest" name="verifyDealerName_And_RefreshButton" time="1.393"/>
  <testcase classname="flutter.Truvideo.Tests.UserListPageTest" name="verify_TextsUnderChangeDealerFunction" time="2.472"/>
  <testcase classname="flutter.Truvideo.Tests.UserListPageTest" name="verify_ChangeDealerFunction" time="5.107"/>
  <testcase classname="flutter.Truvideo.Tests.UserListPageTest" name="verifyInvalidUserSearch" time="5.616"/>
  <testcase classname="flutter.Truvideo.Tests.UserListPageTest" name="verify_HelloThere_PersonalPinText" time="4.0"/>
  <testcase classname="flutter.Truvideo.Tests.UserListPageTest" name="verify_Login_InValidPin" time="10.101"/>
  <testcase classname="flutter.Truvideo.Tests.UserListPageTest" name="verify_Login_ValidPin" time="15.273"/>
  <testcase classname="flutter.Truvideo.Tests.DealerCodePageTest1" name="verifyLogin_InValidDealerCode" time="0.0">
    <ignored/>
  </testcase> <!-- verifyLogin_InValidDealerCode -->
  <testcase classname="flutter.Truvideo.Tests.DealerCodePageTest1" name="verifyAllVisibleText_LogoIsDisplayed_DealerCodePage" time="0.0">
    <ignored/>
  </testcase> <!-- verifyAllVisibleText_LogoIsDisplayed_DealerCodePage -->
</testsuite> <!-- Test_UserListPage -->
