<?xml version="1.0" encoding="UTF-8"?>
<!-- Generated by org.testng.reporters.JUnitXMLReporter -->
<testsuite ignored="13" hostname="DESKTOP-NA6LRAU" failures="0" tests="12" name="Test_RO_ListPage" time="82.929" errors="0" timestamp="2023-06-01T15:13:45 IST">
  <testcase classname="flutter.Truvideo.Tests.DealerCodePageTest" name="verifyLogin_ValidDealerCode" time="16.541"/>
  <testcase classname="flutter.Truvideo.Tests.UserListPageTest" name="verify_Login_ValidPin" time="14.966"/>
  <testcase classname="flutter.Truvideo.Tests.RO_ListPageTest" name="verifyAllFooterTabs_and_HeadersTabs" time="2.397"/>
  <testcase classname="flutter.Truvideo.Tests.RO_ListPageTest" name="verifySearchROFunction" time="8.735"/>
  <testcase classname="flutter.Truvideo.Tests.RO_ListPageTest" name="verifyRO_Status_New" time="2.746"/>
  <testcase classname="flutter.Truvideo.Tests.RO_ListPageTest" name="verifyRO_Status_Rejected" time="1.659"/>
  <testcase classname="flutter.Truvideo.Tests.RO_ListPageTest" name="verifyRO_Status_All" time="2.747"/>
  <testcase classname="flutter.Truvideo.Tests.RO_ListPageTest" name="verifyRO_Status_My" time="3.11"/>
  <testcase classname="flutter.Truvideo.Tests.RO_ListPageTest" name="verifyNavigationTo_Chat" time="1.897"/>
  <testcase classname="flutter.Truvideo.Tests.RO_ListPageTest" name="verifyNavigationTo_Messages" time="1.751"/>
  <testcase classname="flutter.Truvideo.Tests.RO_ListPageTest" name="verifyNavigationTo_Contacts" time="1.103"/>
  <testcase classname="flutter.Truvideo.Tests.RO_ListPageTest" name="verifyNavigation_BackTo_Orders" time="1.113"/>
  <testcase classname="flutter.Truvideo.Tests.UserListPageTest" name="verify_TextsUnderChangeDealerFunction" time="0.0">
    <ignored/>
  </testcase> <!-- verify_TextsUnderChangeDealerFunction -->
  <testcase classname="flutter.Truvideo.Tests.DealerCodePageTest" name="verifyAllVisibleText_LogoIsDisplayed_DealerCodePage" time="0.0">
    <ignored/>
  </testcase> <!-- verifyAllVisibleText_LogoIsDisplayed_DealerCodePage -->
  <testcase classname="flutter.Truvideo.Tests.UserListPageTest" name="verify_Login_InValidPin" time="0.0">
    <ignored/>
  </testcase> <!-- verify_Login_InValidPin -->
  <testcase classname="flutter.Truvideo.Tests.DealerCodePageTest" name="verifyLogin_InValidDealerCode" time="0.0">
    <ignored/>
  </testcase> <!-- verifyLogin_InValidDealerCode -->
  <testcase classname="flutter.Truvideo.Tests.UserListPageTest" name="verifyInvalidUserSearch" time="0.0">
    <ignored/>
  </testcase> <!-- verifyInvalidUserSearch -->
  <testcase classname="flutter.Truvideo.Tests.UserListPageTest" name="verifyCreateUserFunction" time="0.0">
    <ignored/>
  </testcase> <!-- verifyCreateUserFunction -->
  <testcase classname="flutter.Truvideo.Tests.UserListPageTest" name="verify_HelloThere_PersonalPinText" time="0.0">
    <ignored/>
  </testcase> <!-- verify_HelloThere_PersonalPinText -->
  <testcase classname="flutter.Truvideo.Tests.UserListPageTest" name="verify_ChangeDealerFunction" time="0.0">
    <ignored/>
  </testcase> <!-- verify_ChangeDealerFunction -->
  <testcase classname="flutter.Truvideo.Tests.UserListPageTest" name="verifyDealerName_And_RefreshButton" time="0.0">
    <ignored/>
  </testcase> <!-- verifyDealerName_And_RefreshButton -->
  <testcase classname="flutter.Truvideo.BaseClass.BaseClass" name="@AfterTest tearDown" time="0.0">
    <ignored/>
  </testcase> <!-- @AfterTest tearDown -->
  <testcase classname="flutter.Truvideo.BaseClass.BaseClass" name="@AfterTest tearDown" time="0.0">
    <ignored/>
  </testcase> <!-- @AfterTest tearDown -->
  <testcase classname="flutter.Truvideo.BaseClass.BaseClass" name="@BeforeTest setUpApplication" time="0.0">
    <ignored/>
  </testcase> <!-- @BeforeTest setUpApplication -->
  <testcase classname="flutter.Truvideo.BaseClass.BaseClass" name="@BeforeTest setUpApplication" time="0.0">
    <ignored/>
  </testcase> <!-- @BeforeTest setUpApplication -->
</testsuite> <!-- Test_RO_ListPage -->
