<?xml version="1.0" encoding="UTF-8"?>
<!-- Generated by org.testng.reporters.JUnitXMLReporter -->
<testsuite hostname="DESKTOP-NA6LRAU" ignored="0" name="Test" tests="12" failures="1" timestamp="2023-05-16T18:39:57 IST" time="165.383" errors="0">
  <testcase name="verifyDealerCode_InvalidDealer" time="8.353" classname="flutter.Truvideo.Android_Tests.ServiceSideTest"/>
  <testcase name="verifyDealerCode_ValidDealer" time="6.523" classname="flutter.Truvideo.Android_Tests.ServiceSideTest"/>
  <testcase name="verifyLoginWith_InvalidPin" time="6.899" classname="flutter.Truvideo.Android_Tests.ServiceSideTest"/>
  <testcase name="verifyLoginwith_ValidPin" time="7.709" classname="flutter.Truvideo.Android_Tests.ServiceSideTest"/>
  <testcase name="verifyFooterTabsOn_RO_Screen" time="2.616" classname="flutter.Truvideo.Android_Tests.ServiceSideTest"/>
  <testcase name="verifySearchROFunction" time="7.84" classname="flutter.Truvideo.Android_Tests.ServiceSideTest"/>
  <testcase name="verifyROFilter_New" time="2.795" classname="flutter.Truvideo.Android_Tests.ServiceSideTest"/>
  <testcase name="verifyROFilter_Rejected" time="1.305" classname="flutter.Truvideo.Android_Tests.ServiceSideTest"/>
  <testcase name="verifyROFilter_All" time="2.354" classname="flutter.Truvideo.Android_Tests.ServiceSideTest"/>
  <testcase name="verifyROFilter_My" time="3.611" classname="flutter.Truvideo.Android_Tests.ServiceSideTest"/>
  <testcase name="verifyNavigationToCreateNewRO" time="2.149" classname="flutter.Truvideo.Android_Tests.ServiceSideTest"/>
  <testcase name="verifyCreateNewRepairOrderFunction" time="94.531" classname="flutter.Truvideo.Android_Tests.ServiceSideTest">
    <failure type="org.openqa.selenium.NoSuchElementException" message="Can&amp;apos;t locate an element by this strategy: By.chained({By.xpath: //android.widget.EditText[@index=&amp;apos;15&amp;apos;]})">
      <![CDATA[org.openqa.selenium.NoSuchElementException: Can't locate an element by this strategy: By.chained({By.xpath: //android.widget.EditText[@index='15']})
at io.appium.java_client.pagefactory.AppiumElementLocator.findElement(AppiumElementLocator.java:126)
at io.appium.java_client.pagefactory.interceptors.InterceptorOfASingleElement.intercept(InterceptorOfASingleElement.java:59)
at io.appium.java_client.android.AndroidElement$$EnhancerByCGLIB$$b598166c.sendKeys(<generated>)
at flutter.Truvideo.Pages_Android.Android_AddOrderPage.naviagteBackToROListPage(Android_AddOrderPage.java:49)
at flutter.Truvideo.Pages_Android.Android_AddOrderPage.createNewRO(Android_AddOrderPage.java:21)
at flutter.Truvideo.Android_Tests.ServiceSideTest.verifyCreateNewRepairOrderFunction(ServiceSideTest.java:110)
at java.util.ArrayList.forEach(Unknown Source)
Caused by: org.openqa.selenium.TimeoutException: Expected condition failed: waiting for io.appium.java_client.pagefactory.AppiumElementLocator$WaitingFunction@78525ef9 (tried for 1 second(s) with 500 milliseconds interval)
at org.openqa.selenium.support.ui.FluentWait.timeoutException(FluentWait.java:304)
at org.openqa.selenium.support.ui.FluentWait.until(FluentWait.java:272)
at io.appium.java_client.pagefactory.AppiumElementLocator.waitFor(AppiumElementLocator.java:99)
at io.appium.java_client.pagefactory.AppiumElementLocator.findElement(AppiumElementLocator.java:119)
... 33 more
Caused by: org.openqa.selenium.NoSuchElementException: Cannot locate an element using By.chained({By.xpath: //android.widget.EditText[@index='15']})
For documentation on this error, please visit: https://www.seleniumhq.org/exceptions/no_such_element.html
Build info: version: '3.141.59', revision: 'e82be7d358', time: '2018-11-14T08:17:03'
System info: host: 'DESKTOP-NA6LRAU', ip: '10.10.10.74', os.name: 'Windows 10', os.arch: 'amd64', os.version: '10.0', java.version: '1.8.0_361'
Driver info: driver.version: AppiumDriver
at io.appium.java_client.pagefactory.bys.builder.ByChained.findElement(ByChained.java:74)
at org.openqa.selenium.remote.RemoteWebDriver.findElement(RemoteWebDriver.java:315)
at io.appium.java_client.DefaultGenericMobileDriver.findElement(DefaultGenericMobileDriver.java:58)
at io.appium.java_client.AppiumDriver.findElement(AppiumDriver.java:1)
at io.appium.java_client.pagefactory.bys.ContentMappedBy.findElement(ContentMappedBy.java:50)
at org.openqa.selenium.remote.RemoteWebDriver.findElement(RemoteWebDriver.java:315)
at io.appium.java_client.DefaultGenericMobileDriver.findElement(DefaultGenericMobileDriver.java:58)
at io.appium.java_client.AppiumDriver.findElement(AppiumDriver.java:1)
at io.appium.java_client.pagefactory.AppiumElementLocator.lambda$0(AppiumElementLocator.java:120)
at io.appium.java_client.pagefactory.AppiumElementLocator$WaitingFunction.apply(AppiumElementLocator.java:172)
at io.appium.java_client.pagefactory.AppiumElementLocator$WaitingFunction.apply(AppiumElementLocator.java:1)
at org.openqa.selenium.support.ui.FluentWait.until(FluentWait.java:249)
... 35 more
... Removed 27 stack frames]]>
    </failure>
  </testcase> <!-- verifyCreateNewRepairOrderFunction -->
</testsuite> <!-- Test -->
