<?xml version="1.0" encoding="UTF-8"?>
<!-- Generated by org.testng.reporters.JUnitXMLReporter -->
<testsuite ignored="15" hostname="DESKTOP-NA6LRAU" failures="0" tests="12" name="Test_ROListPage" time="82.951" errors="0" timestamp="2023-06-01T18:31:46 IST">
  <testcase classname="flutter.Truvideo.Tests.DealerCodePageTest" name="verifyLogin_ValidDealerCode" time="18.375"/>
  <testcase classname="flutter.Truvideo.Tests.UserListPageTest" name="verify_Login_ValidPin" time="14.431"/>
  <testcase classname="flutter.Truvideo.Tests.RO_ListPageTest" name="verifyAllFooterTabs_and_HeadersTabs" time="2.578"/>
  <testcase classname="flutter.Truvideo.Tests.RO_ListPageTest" name="verifySearchROFunction" time="7.882"/>
  <testcase classname="flutter.Truvideo.Tests.RO_ListPageTest" name="verifyRO_Status_New" time="3.902"/>
  <testcase classname="flutter.Truvideo.Tests.RO_ListPageTest" name="verifyRO_Status_Rejected" time="1.618"/>
  <testcase classname="flutter.Truvideo.Tests.RO_ListPageTest" name="verifyRO_Status_All" time="2.795"/>
  <testcase classname="flutter.Truvideo.Tests.RO_ListPageTest" name="verifyRO_Status_My" time="3.088"/>
  <testcase classname="flutter.Truvideo.Tests.RO_ListPageTest" name="verifyNavigationTo_Chat" time="1.891"/>
  <testcase classname="flutter.Truvideo.Tests.RO_ListPageTest" name="verifyNavigationTo_Messages" time="1.807"/>
  <testcase classname="flutter.Truvideo.Tests.RO_ListPageTest" name="verifyNavigationTo_Contacts" time="1.12"/>
  <testcase classname="flutter.Truvideo.Tests.RO_ListPageTest" name="verifyNavigation_BackTo_Orders" time="1.073"/>
  <testcase classname="flutter.Truvideo.Tests.UserListPageTest" name="verify_TextsUnderChangeDealerFunction" time="0.0">
    <ignored/>
  </testcase> <!-- verify_TextsUnderChangeDealerFunction -->
  <testcase classname="flutter.Truvideo.Tests.RO_ListPageTest" name="verifyNavigationToProfileIcon" time="0.0">
    <ignored/>
  </testcase> <!-- verifyNavigationToProfileIcon -->
  <testcase classname="flutter.Truvideo.Tests.RO_ListPageTest" name="verifyNavigationToAddOrderPage" time="0.0">
    <ignored/>
  </testcase> <!-- verifyNavigationToAddOrderPage -->
  <testcase classname="flutter.Truvideo.Tests.DealerCodePageTest" name="verifyAllVisibleText_LogoIsDisplayed_DealerCodePage" time="0.0">
    <ignored/>
  </testcase> <!-- verifyAllVisibleText_LogoIsDisplayed_DealerCodePage -->
  <testcase classname="flutter.Truvideo.Tests.UserListPageTest" name="verify_Login_InValidPin" time="0.0">
    <ignored/>
  </testcase> <!-- verify_Login_InValidPin -->
  <testcase classname="flutter.Truvideo.Tests.DealerCodePageTest" name="verifyLogin_InValidDealerCode" time="0.0">
    <ignored/>
  </testcase> <!-- verifyLogin_InValidDealerCode -->
  <testcase classname="flutter.Truvideo.Tests.UserListPageTest" name="verifyInvalidUserSearch" time="0.0">
    <ignored/>
  </testcase> <!-- verifyInvalidUserSearch -->
  <testcase classname="flutter.Truvideo.Tests.UserListPageTest" name="verifyCreateUserFunction" time="0.0">
    <ignored/>
  </testcase> <!-- verifyCreateUserFunction -->
  <testcase classname="flutter.Truvideo.Tests.UserListPageTest" name="verify_HelloThere_PersonalPinText" time="0.0">
    <ignored/>
  </testcase> <!-- verify_HelloThere_PersonalPinText -->
  <testcase classname="flutter.Truvideo.Tests.UserListPageTest" name="verify_ChangeDealerFunction" time="0.0">
    <ignored/>
  </testcase> <!-- verify_ChangeDealerFunction -->
  <testcase classname="flutter.Truvideo.Tests.UserListPageTest" name="verifyDealerName_And_RefreshButton" time="0.0">
    <ignored/>
  </testcase> <!-- verifyDealerName_And_RefreshButton -->
  <testcase classname="flutter.Truvideo.BaseClass.BaseClass" name="@AfterTest tearDown" time="0.0">
    <ignored/>
  </testcase> <!-- @AfterTest tearDown -->
  <testcase classname="flutter.Truvideo.BaseClass.BaseClass" name="@AfterTest tearDown" time="0.0">
    <ignored/>
  </testcase> <!-- @AfterTest tearDown -->
  <testcase classname="flutter.Truvideo.BaseClass.BaseClass" name="@BeforeTest setUpApplication" time="0.0">
    <ignored/>
  </testcase> <!-- @BeforeTest setUpApplication -->
  <testcase classname="flutter.Truvideo.BaseClass.BaseClass" name="@BeforeTest setUpApplication" time="0.0">
    <ignored/>
  </testcase> <!-- @BeforeTest setUpApplication -->
</testsuite> <!-- Test_ROListPage -->
