<?xml version="1.0" encoding="UTF-8"?>
<testng-results ignored="9" total="13" passed="4" failed="0" skipped="0">
  <reporter-output>
  </reporter-output>
  <suite started-at="2023-05-30T18:03:52 IST" name="Suite_CreateNewUserPage" finished-at="2023-05-30T18:04:47 IST" duration-ms="55208">
    <groups>
    </groups>
    <test started-at="2023-05-30T18:03:52 IST" name="Test_CreateNewUserPage" finished-at="2023-05-30T18:04:47 IST" duration-ms="55208">
      <class name="flutter.Truvideo.Tests.CreateNewUserPageTest">
        <test-method signature="verifyErrorToastMessage()[pri:1, instance:flutter.Truvideo.Tests.CreateNewUserPageTest@24be2d9c]" started-at="2023-05-30T18:04:26 IST" name="verifyErrorToastMessage" finished-at="2023-05-30T18:04:28 IST" duration-ms="1768" status="PASS">
          <reporter-output>
          </reporter-output>
        </test-method> <!-- verifyErrorToastMessage -->
        <test-method signature="checkNewUserCreation()[pri:2, instance:flutter.Truvideo.Tests.CreateNewUserPageTest@24be2d9c]" started-at="2023-05-30T18:04:28 IST" name="checkNewUserCreation" finished-at="2023-05-30T18:04:47 IST" duration-ms="18838" status="PASS">
          <reporter-output>
          </reporter-output>
        </test-method> <!-- checkNewUserCreation -->
      </class> <!-- flutter.Truvideo.Tests.CreateNewUserPageTest -->
      <class name="flutter.Truvideo.Tests.UserListPageTest">
        <test-method signature="verifyCreateUserFunction()[pri:2, instance:flutter.Truvideo.Tests.UserListPageTest@13579834]" started-at="2023-05-30T18:04:22 IST" name="verifyCreateUserFunction" finished-at="2023-05-30T18:04:26 IST" duration-ms="3743" status="PASS">
          <reporter-output>
          </reporter-output>
        </test-method> <!-- verifyCreateUserFunction -->
      </class> <!-- flutter.Truvideo.Tests.UserListPageTest -->
      <class name="flutter.Truvideo.Tests.DealerCodePageTest">
        <test-method is-config="true" signature="setUp()[pri:0, instance:flutter.Truvideo.Tests.DealerCodePageTest@2970a5bc]" started-at="2023-05-30T18:03:52 IST" name="setUp" finished-at="2023-05-30T18:04:06 IST" duration-ms="14391" status="PASS">
          <reporter-output>
          </reporter-output>
        </test-method> <!-- setUp -->
        <test-method is-config="true" signature="intialisation()[pri:0, instance:flutter.Truvideo.Tests.DealerCodePageTest@2970a5bc]" started-at="2023-05-30T18:04:06 IST" name="intialisation" finished-at="2023-05-30T18:04:07 IST" duration-ms="188" status="PASS">
          <reporter-output>
          </reporter-output>
        </test-method> <!-- intialisation -->
        <test-method signature="verifyLogin_ValidDealerCode()[pri:3, instance:flutter.Truvideo.Tests.DealerCodePageTest@2970a5bc]" started-at="2023-05-30T18:04:07 IST" name="verifyLogin_ValidDealerCode" finished-at="2023-05-30T18:04:22 IST" duration-ms="15807" status="PASS">
          <reporter-output>
          </reporter-output>
        </test-method> <!-- verifyLogin_ValidDealerCode -->
        <test-method is-config="true" signature="tearDown()[pri:0, instance:flutter.Truvideo.Tests.DealerCodePageTest@2970a5bc]" started-at="2023-05-30T18:04:47 IST" name="tearDown" finished-at="2023-05-30T18:04:47 IST" duration-ms="429" status="PASS">
          <reporter-output>
          </reporter-output>
        </test-method> <!-- tearDown -->
      </class> <!-- flutter.Truvideo.Tests.DealerCodePageTest -->
    </test> <!-- Test_CreateNewUserPage -->
  </suite> <!-- Suite_CreateNewUserPage -->
</testng-results>
