<?xml version="1.0" encoding="UTF-8"?>
<testng-results ignored="15" total="18" passed="3" failed="0" skipped="0">
  <reporter-output>
  </reporter-output>
  <suite started-at="2023-06-01T16:43:35 IST" name="Suite_CreateNewUserPage" finished-at="2023-06-01T16:44:25 IST" duration-ms="49263">
    <groups>
    </groups>
    <test started-at="2023-06-01T16:43:35 IST" name="Test_CreateNewUserPage" finished-at="2023-06-01T16:44:25 IST" duration-ms="49263">
      <class name="flutter.Truvideo.Tests.CreateNewUserPageTest">
        <test-method signature="verifyCancelButton()[pri:0, instance:flutter.Truvideo.Tests.CreateNewUserPageTest@72efb5c1]" started-at="2023-06-01T16:44:21 IST" name="verifyCancelButton" finished-at="2023-06-01T16:44:24 IST" duration-ms="3136" status="PASS">
          <reporter-output>
          </reporter-output>
        </test-method> <!-- verifyCancelButton -->
      </class> <!-- flutter.Truvideo.Tests.CreateNewUserPageTest -->
      <class name="flutter.Truvideo.Tests.UserListPageTest">
        <test-method signature="verifyCreateUserFunction()[pri:2, instance:flutter.Truvideo.Tests.UserListPageTest@50305a]" started-at="2023-06-01T16:44:16 IST" name="verifyCreateUserFunction" finished-at="2023-06-01T16:44:21 IST" duration-ms="5096" status="PASS">
          <reporter-output>
          </reporter-output>
        </test-method> <!-- verifyCreateUserFunction -->
      </class> <!-- flutter.Truvideo.Tests.UserListPageTest -->
      <class name="flutter.Truvideo.Tests.DealerCodePageTest">
        <test-method is-config="true" signature="setUpApplication()[pri:0, instance:flutter.Truvideo.Tests.DealerCodePageTest@7072bc39]" started-at="2023-06-01T16:43:35 IST" name="setUpApplication" finished-at="2023-06-01T16:43:59 IST" duration-ms="23606" status="PASS">
          <reporter-output>
          </reporter-output>
        </test-method> <!-- setUpApplication -->
        <test-method signature="verifyLogin_ValidDealerCode()[pri:3, instance:flutter.Truvideo.Tests.DealerCodePageTest@7072bc39]" started-at="2023-06-01T16:43:59 IST" name="verifyLogin_ValidDealerCode" finished-at="2023-06-01T16:44:16 IST" duration-ms="16836" status="PASS">
          <reporter-output>
          </reporter-output>
        </test-method> <!-- verifyLogin_ValidDealerCode -->
        <test-method is-config="true" signature="tearDown()[pri:0, instance:flutter.Truvideo.Tests.DealerCodePageTest@7072bc39]" started-at="2023-06-01T16:44:24 IST" name="tearDown" finished-at="2023-06-01T16:44:25 IST" duration-ms="545" status="PASS">
          <reporter-output>
          </reporter-output>
        </test-method> <!-- tearDown -->
      </class> <!-- flutter.Truvideo.Tests.DealerCodePageTest -->
    </test> <!-- Test_CreateNewUserPage -->
  </suite> <!-- Suite_CreateNewUserPage -->
</testng-results>
