<?xml version="1.0" encoding="UTF-8"?>
<!-- Generated by org.testng.reporters.JUnitXMLReporter -->
<testsuite ignored="0" hostname="DESKTOP-NA6LRAU" failures="0" tests="3" name="Tests_DealerCodePage" time="73.852" errors="0" timestamp="2023-06-01T14:42:27 IST">
  <testcase classname="flutter.Truvideo.Tests.DealerCodePageTest" name="verifyAllVisibleText_LogoIsDisplayed_DealerCodePage" time="10.935"/>
  <testcase classname="flutter.Truvideo.Tests.DealerCodePageTest" name="verifyLogin_InValidDealerCode" time="6.661"/>
  <testcase classname="flutter.Truvideo.Tests.DealerCodePageTest" name="verifyLogin_ValidDealerCode" time="16.999"/>
</testsuite> <!-- Tests_DealerCodePage -->
