<?xml version="1.0" encoding="UTF-8"?>
<!-- Generated by org.testng.reporters.JUnitXMLReporter -->
<testsuite ignored="0" hostname="DESKTOP-NA6LRAU" failures="0" tests="3" name="Tests_DealerCodePage" time="49.654" errors="0" timestamp="2023-05-29T19:26:38 IST">
  <testcase classname="flutter.Truvideo.Tests.DealerCodePageTest1" name="verifyAllVisibleText_LogoIsDisplayed_DealerCodePage" time="2.229"/>
  <testcase classname="flutter.Truvideo.Tests.DealerCodePageTest1" name="verifyLogin_InValidDealerCode" time="16.373"/>
  <testcase classname="flutter.Truvideo.Tests.DealerCodePageTest1" name="verifyLogin_ValidDealerCode" time="15.623"/>
</testsuite> <!-- Tests_DealerCodePage -->
